Sat Feb 26 15:44:40 EET 2022 : Apache Derby Network Server - 10.10.2.0 - (1582446) started and ready to accept connections on port 1527
----------------------------------------------------------------
Sat Feb 26 15:44:44 EET 2022:
Booting Derby version The Apache Software Foundation - Apache Derby - 10.10.2.0 - (1582446): instance a816c00e-017f-3646-bece-00007906e3b1 
on database directory C:\Users\AhmedAli\Documents\GitHub\tic-tac-toe-java\Database\PlayerDB with class loader sun.misc.Launcher$AppClassLoader@1d44bcfa 
Loaded from file:/C:/Program%20Files/glassfish-4.1.1/javadb/lib/derby.jar
java.vendor=Oracle Corporation
java.runtime.version=1.8.0_191-b12
user.dir=C:\Program Files\glassfish-4.1.1\javadb
os.name=Windows 10
os.arch=amd64
os.version=10.0
derby.system.home=C:\Users\AhmedAli\Documents\GitHub\tic-tac-toe-java\Database
Database Class Loader started - derby.database.classpath=''
----------------------------------------------------------------
Sat Feb 26 23:44:37 EET 2022: Shutting down Derby engine
----------------------------------------------------------------
Sat Feb 26 23:44:37 EET 2022:
Shutting down instance a816c00e-017f-3646-bece-00007906e3b1 on database directory C:\Users\AhmedAli\Documents\GitHub\tic-tac-toe-java\Database\PlayerDB with class loader sun.misc.Launcher$AppClassLoader@1d44bcfa 
----------------------------------------------------------------
